0 info it worked if it ends with ok
1 verbose cli [ '/usr/local/bin/node',
1 verbose cli   '/usr/local/bin/npm',
1 verbose cli   'publish',
1 verbose cli   '--force' ]
2 info using npm@3.10.10
3 info using node@v6.9.4
4 warn using --force I sure hope you know what you are doing.
5 verbose publish [ '.' ]
6 silly cache add args [ '.', null ]
7 verbose cache add spec .
8 silly cache add parsed spec Result {
8 silly cache add   raw: '.',
8 silly cache add   scope: null,
8 silly cache add   escapedName: null,
8 silly cache add   name: null,
8 silly cache add   rawSpec: '.',
8 silly cache add   spec: '/Users/prevwong/Documents/drooltip.js',
8 silly cache add   type: 'directory' }
9 verbose addLocalDirectory /Users/prevwong/.npm/drooltip.js/1.0.1/package.tgz not in flight; packing
10 verbose correctMkdir /Users/prevwong/.npm correctMkdir not in flight; initializing
11 info lifecycle drooltip.js@1.0.1~prepublish: drooltip.js@1.0.1
12 silly lifecycle drooltip.js@1.0.1~prepublish: no script for prepublish, continuing
13 verbose tar pack [ '/Users/prevwong/.npm/drooltip.js/1.0.1/package.tgz',
13 verbose tar pack   '/Users/prevwong/Documents/drooltip.js' ]
14 verbose tarball /Users/prevwong/.npm/drooltip.js/1.0.1/package.tgz
15 verbose folder /Users/prevwong/Documents/drooltip.js
16 verbose addLocalTarball adding from inside cache /Users/prevwong/.npm/drooltip.js/1.0.1/package.tgz
17 verbose correctMkdir /Users/prevwong/.npm correctMkdir not in flight; initializing
18 silly cache afterAdd drooltip.js@1.0.1
19 verbose afterAdd /Users/prevwong/.npm/drooltip.js/1.0.1/package/package.json not in flight; writing
20 verbose correctMkdir /Users/prevwong/.npm correctMkdir not in flight; initializing
21 verbose afterAdd /Users/prevwong/.npm/drooltip.js/1.0.1/package/package.json written
22 silly publish { name: 'drooltip.js',
22 silly publish   version: '1.0.1',
22 silly publish   description: 'Minimalistic, powerful and extensible Vanilla JS tooltip plugin',
22 silly publish   main: 'package/js/drooltip.js',
22 silly publish   scripts: { test: 'echo "Error: no test specified" && exit 1' },
22 silly publish   repository:
22 silly publish    { type: 'git',
22 silly publish      url: 'git+https://github.com/prevwong/drooltip.js.git' },
22 silly publish   keywords:
22 silly publish    [ 'minimalistic',
22 silly publish      'powerful',
22 silly publish      'beautiful',
22 silly publish      'extensible',
22 silly publish      'hackable',
22 silly publish      'tooltips',
22 silly publish      'modern',
22 silly publish      'json',
22 silly publish      'ajax',
22 silly publish      'css3',
22 silly publish      'animations' ],
22 silly publish   author: { name: 'Prev Wong' },
22 silly publish   license: 'MIT',
22 silly publish   bugs: { url: 'https://github.com/prevwong/drooltip.js/issues' },
22 silly publish   homepage: 'https://github.com/prevwong/drooltip.js#readme',
22 silly publish   readme: '<pre>\n<code>\n    ___      ___      ___      ___      ___   ___      ___      ___      ___      ___   \n   /\\  \\    /\\  \\    /\\  \\    /\\  \\    /\\__\\ /\\  \\    /\\  \\    /\\  \\    /\\  \\    /\\  \\  \n  /::\\  \\  /::\\  \\  /::\\  \\  /::\\  \\  /:/  / \\:\\  \\  _\\:\\  \\  /::\\  \\  _\\:\\  \\  /::\\  \\ \n /:/\\:\\__\\/::\\:\\__\\/:/\\:\\__\\/:/\\:\\__\\/:/__/  /::\\__\\/\\/::\\__\\/::\\:\\__\\/\\/::\\__\\/\\:\\:\\__\\\n \\:\\/:/  /\\;:::/  /\\:\\/:/  /\\:\\/:/  /\\:\\  \\ /:/\\/__/\\::/\\/__/\\/\\::/  /\\::/\\/__/\\:\\:\\/__/\n  \\::/  /  |:\\/__/  \\::/  /  \\::/  /  \\:\\__\\\\/__/    \\:\\__\\     \\/__/  \\/__/    \\::/  / \n   \\/__/    \\|__|    \\/__/    \\/__/    \\/__/          \\/__/                      \\/__/  \n\nDrooltip.js \tv1.00\ngithub.com/prevwong/drooltip.js\nPrev Wong\t@prevwong \timprev.co\n</code>\n</pre>\n[![npm version](https://badge.fury.io/js/drooltip.js.svg)](https://badge.fury.io/js/drooltip.js)\n[![Code Climate](https://codeclimate.com/github/prevwong/drooltip.js/badges/gpa.svg)](https://codeclimate.com/github/prevwong/drooltip.js)\n[![codebeat badge](https://codebeat.co/badges/feba30b2-1759-4472-b6af-997c9c46f952)](https://codebeat.co/a/prevwong/projects/github-com-prevwong-drooltip-js-master)\n[![Codacy Badge](https://api.codacy.com/project/badge/Grade/db9b8d8043c84f1ca7cd9686daae5717)](https://www.codacy.com?utm_source=github.com&amp;utm_medium=referral&amp;utm_content=prevwong/drooltip.js&amp;utm_campaign=Badge_Grade)\n[![Support](https://supporterhq.com/api/b/9okwcyts1gevgy53glt8ffpyc)](https://supporterhq.com/give/9okwcyts1gevgy53glt8ffpyc)\n## Overview\n\nDrooltip.js is a lightweight native-js plugin/extension that allows you to create beautiful, customizable and intelligent tooltips, capable of showing anything from simple text, loading dynamic content and loading entire HTML elements!\n\n## Installation & Usage\n\nDocumentation and Demos are [here](https://prevwong.github.io/drooltip.js/)\n\n## Q&A\n\n* Q: Why did you make this ?\n  A: Twas a boring day.\n\n* Q: There\'re already many tooltips plugins out there, what is this for ?\n  A: I just wanted to share my version of tooltips as a contribution to the open-source community.\n\n\n* Q: Is this plugin perfect/flawless\n  A: Probably not.\n\n## History\n\nRelease | Description\n------------ | -------------\nv1.0.1 | Fixed bugs and issues; Stable Release basically\nv1.0.0&beta; | Initial beta release\n\nFeel free to fork it, and contribute to make Drooltip.js even better!\n',
22 silly publish   readmeFilename: 'README.md',
22 silly publish   gitHead: '6358a8c316f7f233a90cfe0063d331ea640b7a97',
22 silly publish   _id: 'drooltip.js@1.0.1',
22 silly publish   _shasum: '74d38f5d0156acab25f446f936821d13ef13b827',
22 silly publish   _from: '.' }
23 verbose getPublishConfig undefined
24 silly mapToRegistry name drooltip.js
25 silly mapToRegistry using default registry
26 silly mapToRegistry registry https://registry.npmjs.org/
27 silly mapToRegistry data Result {
27 silly mapToRegistry   raw: 'drooltip.js',
27 silly mapToRegistry   scope: null,
27 silly mapToRegistry   escapedName: 'drooltip.js',
27 silly mapToRegistry   name: 'drooltip.js',
27 silly mapToRegistry   rawSpec: '',
27 silly mapToRegistry   spec: 'latest',
27 silly mapToRegistry   type: 'tag' }
28 silly mapToRegistry uri https://registry.npmjs.org/drooltip.js
29 verbose publish registryBase https://registry.npmjs.org/
30 silly publish uploading /Users/prevwong/.npm/drooltip.js/1.0.1/package.tgz
31 verbose request uri https://registry.npmjs.org/drooltip.js
32 verbose request sending authorization for write operation
33 info attempt registry request try #1 at 11:45:43 AM
34 verbose request using bearer token for auth
35 verbose request id c1b878b93028b35e
36 http request PUT https://registry.npmjs.org/drooltip.js
37 http 403 https://registry.npmjs.org/drooltip.js
38 verbose headers { 'content-type': 'application/json',
38 verbose headers   'cache-control': 'max-age=300',
38 verbose headers   'content-length': '95',
38 verbose headers   'accept-ranges': 'bytes',
38 verbose headers   date: 'Wed, 12 Apr 2017 03:45:45 GMT',
38 verbose headers   via: '1.1 varnish',
38 verbose headers   connection: 'keep-alive',
38 verbose headers   'x-served-by': 'cache-hkg6820-HKG',
38 verbose headers   'x-cache': 'MISS',
38 verbose headers   'x-cache-hits': '0',
38 verbose headers   'x-timer': 'S1491968744.261964,VS0,VE831',
38 verbose headers   vary: 'Accept-Encoding' }
39 verbose request invalidating /Users/prevwong/.npm/registry.npmjs.org/drooltip.js on PUT
40 error publish Failed PUT 403
41 verbose stack Error: "You cannot publish over the previously published version 1.0.1." : drooltip.js
41 verbose stack     at makeError (/usr/local/lib/node_modules/npm/node_modules/npm-registry-client/lib/request.js:302:12)
41 verbose stack     at CachingRegistryClient.<anonymous> (/usr/local/lib/node_modules/npm/node_modules/npm-registry-client/lib/request.js:290:14)
41 verbose stack     at Request._callback (/usr/local/lib/node_modules/npm/node_modules/npm-registry-client/lib/request.js:210:14)
41 verbose stack     at Request.self.callback (/usr/local/lib/node_modules/npm/node_modules/request/request.js:187:22)
41 verbose stack     at emitTwo (events.js:106:13)
41 verbose stack     at Request.emit (events.js:191:7)
41 verbose stack     at Request.<anonymous> (/usr/local/lib/node_modules/npm/node_modules/request/request.js:1048:10)
41 verbose stack     at emitOne (events.js:96:13)
41 verbose stack     at Request.emit (events.js:188:7)
41 verbose stack     at IncomingMessage.<anonymous> (/usr/local/lib/node_modules/npm/node_modules/request/request.js:969:12)
42 verbose statusCode 403
43 verbose pkgid drooltip.js
44 verbose cwd /Users/prevwong/Documents/drooltip.js
45 error Darwin 16.0.0
46 error argv "/usr/local/bin/node" "/usr/local/bin/npm" "publish" "--force"
47 error node v6.9.4
48 error npm  v3.10.10
49 error code E403
50 error "You cannot publish over the previously published version 1.0.1." : drooltip.js
51 error If you need help, you may report this error at:
51 error     <https://github.com/npm/npm/issues>
52 verbose exit [ 1, true ]
